<?xml version="1.0" encoding="UTF-8"?>
<!-- Generated by org.testng.reporters.JUnitReportReporter -->
<testsuite hostname="IBM-JCZ52F3" failures="0" tests="1" name="Package1.Class1" time="4.222" errors="0" timestamp="2023-06-03T20:00:22 IST" skipped="0">
  <testcase classname="Package1.Class1" name="login" time="4.222"/>
  <system-out/>
</testsuite> <!-- Package1.Class1 -->
